<?xml version="1.0" encoding="UTF-8"?>
<testsuite xmlns:xsi="http://www.w3.org/2001/XMLSchema-instance" xsi:noNamespaceSchemaLocation="https://maven.apache.org/surefire/maven-surefire-plugin/xsd/surefire-test-report-3.0.xsd" version="3.0" name="org.example.v1.StringProcessorTwoTest" time="0.007" tests="1" errors="0" skipped="0" failures="0">
  <properties>
    <property name="sun.desktop" value="windows"/>
    <property name="awt.toolkit" value="sun.awt.windows.WToolkit"/>
    <property name="java.specification.version" value="11"/>
    <property name="sun.cpu.isalist" value="amd64"/>
    <property name="sun.jnu.encoding" value="GBK"/>
    <property name="java.class.path" value="D:\Drivers\codingTest\target\test-classes;D:\Drivers\codingTest\target\classes;D:\maven\repository\maven_jar\org\junit\jupiter\junit-jupiter\5.9.2\junit-jupiter-5.9.2.jar;D:\maven\repository\maven_jar\org\junit\jupiter\junit-jupiter-api\5.9.2\junit-jupiter-api-5.9.2.jar;D:\maven\repository\maven_jar\org\opentest4j\opentest4j\1.2.0\opentest4j-1.2.0.jar;D:\maven\repository\maven_jar\org\junit\platform\junit-platform-commons\1.9.2\junit-platform-commons-1.9.2.jar;D:\maven\repository\maven_jar\org\junit\jupiter\junit-jupiter-params\5.9.2\junit-jupiter-params-5.9.2.jar;D:\maven\repository\maven_jar\org\junit\jupiter\junit-jupiter-engine\5.9.2\junit-jupiter-engine-5.9.2.jar;D:\maven\repository\maven_jar\org\junit\platform\junit-platform-launcher\1.9.2\junit-platform-launcher-1.9.2.jar;D:\maven\repository\maven_jar\org\junit\platform\junit-platform-engine\1.9.2\junit-platform-engine-1.9.2.jar;D:\maven\repository\maven_jar\org\apiguardian\apiguardian-api\1.1.2\apiguardian-api-1.1.2.jar;"/>
    <property name="java.vm.vendor" value="Oracle Corporation"/>
    <property name="sun.arch.data.model" value="64"/>
    <property name="user.variant" value=""/>
    <property name="java.vendor.url" value="https://openjdk.java.net/"/>
    <property name="user.timezone" value="Asia/Shanghai"/>
    <property name="java.vm.specification.version" value="11"/>
    <property name="os.name" value="Windows 10"/>
    <property name="sun.java.launcher" value="SUN_STANDARD"/>
    <property name="user.country" value="CN"/>
    <property name="sun.boot.library.path" value="D:\JDK11\bin"/>
    <property name="sun.java.command" value="C:\Users\10095\AppData\Local\Temp\surefire1896822480924215974\surefirebooter-20250723232440555_3.jar C:\Users\10095\AppData\Local\Temp\surefire1896822480924215974 2025-07-23T23-24-39_534-jvmRun1 surefire-20250723232440555_1tmp surefire_0-20250723232440555_2tmp"/>
    <property name="jdk.debug" value="release"/>
    <property name="surefire.test.class.path" value="D:\Drivers\codingTest\target\test-classes;D:\Drivers\codingTest\target\classes;D:\maven\repository\maven_jar\org\junit\jupiter\junit-jupiter\5.9.2\junit-jupiter-5.9.2.jar;D:\maven\repository\maven_jar\org\junit\jupiter\junit-jupiter-api\5.9.2\junit-jupiter-api-5.9.2.jar;D:\maven\repository\maven_jar\org\opentest4j\opentest4j\1.2.0\opentest4j-1.2.0.jar;D:\maven\repository\maven_jar\org\junit\platform\junit-platform-commons\1.9.2\junit-platform-commons-1.9.2.jar;D:\maven\repository\maven_jar\org\junit\jupiter\junit-jupiter-params\5.9.2\junit-jupiter-params-5.9.2.jar;D:\maven\repository\maven_jar\org\junit\jupiter\junit-jupiter-engine\5.9.2\junit-jupiter-engine-5.9.2.jar;D:\maven\repository\maven_jar\org\junit\platform\junit-platform-launcher\1.9.2\junit-platform-launcher-1.9.2.jar;D:\maven\repository\maven_jar\org\junit\platform\junit-platform-engine\1.9.2\junit-platform-engine-1.9.2.jar;D:\maven\repository\maven_jar\org\apiguardian\apiguardian-api\1.1.2\apiguardian-api-1.1.2.jar;"/>
    <property name="sun.cpu.endian" value="little"/>
    <property name="user.home" value="C:\Users\10095"/>
    <property name="user.language" value="zh"/>
    <property name="java.specification.vendor" value="Oracle Corporation"/>
    <property name="java.version.date" value="2021-04-20"/>
    <property name="java.home" value="D:\JDK11"/>
    <property name="file.separator" value="\"/>
    <property name="basedir" value="D:\Drivers\codingTest"/>
    <property name="java.vm.compressedOopsMode" value="Zero based"/>
    <property name="line.separator" value="&#10;"/>
    <property name="java.specification.name" value="Java Platform API Specification"/>
    <property name="java.vm.specification.vendor" value="Oracle Corporation"/>
    <property name="java.awt.graphicsenv" value="sun.awt.Win32GraphicsEnvironment"/>
    <property name="surefire.real.class.path" value="C:\Users\10095\AppData\Local\Temp\surefire1896822480924215974\surefirebooter-20250723232440555_3.jar"/>
    <property name="user.script" value=""/>
    <property name="sun.management.compiler" value="HotSpot 64-Bit Tiered Compilers"/>
    <property name="java.runtime.version" value="11.0.11+9-LTS-194"/>
    <property name="user.name" value="10095"/>
    <property name="path.separator" value=";"/>
    <property name="os.version" value="10.0"/>
    <property name="java.runtime.name" value="Java(TM) SE Runtime Environment"/>
    <property name="file.encoding" value="GBK"/>
    <property name="java.vm.name" value="Java HotSpot(TM) 64-Bit Server VM"/>
    <property name="java.vendor.version" value="18.9"/>
    <property name="localRepository" value="D:\maven\repository\maven_jar"/>
    <property name="java.vendor.url.bug" value="https://bugreport.java.com/bugreport/"/>
    <property name="java.io.tmpdir" value="C:\Users\10095\AppData\Local\Temp\"/>
    <property name="java.version" value="11.0.11"/>
    <property name="user.dir" value="D:\Drivers\codingTest"/>
    <property name="os.arch" value="amd64"/>
    <property name="java.vm.specification.name" value="Java Virtual Machine Specification"/>
    <property name="java.awt.printerjob" value="sun.awt.windows.WPrinterJob"/>
    <property name="sun.os.patch.level" value=""/>
    <property name="java.library.path" value="D:\JDK11\bin;C:\WINDOWS\Sun\Java\bin;C:\WINDOWS\system32;C:\WINDOWS;D:\xshell\;D:\JDK11\bin;D:\JDK11\jre\bin;C:\WINDOWS\system32;C:\WINDOWS;C:\WINDOWS\System32\Wbem;C:\WINDOWS\System32\WindowsPowerShell\v1.0\;C:\WINDOWS\System32\OpenSSH\;D:\maven\apache-maven-3.5.0\bin;C:\Program Files\MySQL\MySQL Server 8.0\bin;D:\nodejs\;D:\nodejs\node_global;D:\Git\cmd;D:\Redis-x64-3.0.504;D:\HashiCorp\Vagrant\bin;D:\ProgramFiles\MongoDB\Server\6.0\bin;C:\Program Files\dotnet\;D:\erl-24.3.3\bin;D:\rabbitmq-server\rabbitmq_server-3.10.25\sbin;D:\新建文件夹\scrcpy-win64-v2.7;D:\新建文件夹\platform-tools-latest-windows\platform-tools;C:\Users\10095\AppData\Local\Programs\Python\Python313\Scripts\;C:\Users\10095\AppData\Local\Programs\Python\Python313\;C:\Users\10095\AppData\Local\Programs\Python\Python310\Scripts\;C:\Users\10095\AppData\Local\Programs\Python\Python310\;C:\Users\10095\AppData\Local\Microsoft\WindowsApps;C:\Users\10095\AppData\Roaming\npm;;D:\Microsoft VS Code\bin;."/>
    <property name="java.vendor" value="Oracle Corporation"/>
    <property name="java.vm.info" value="mixed mode"/>
    <property name="java.vm.version" value="11.0.11+9-LTS-194"/>
    <property name="sun.io.unicode.encoding" value="UnicodeLittle"/>
    <property name="java.class.version" value="55.0"/>
  </properties>
  <testcase name="testTwoProcess" classname="org.example.v1.StringProcessorTwoTest" time="0.004">
    <system-out><![CDATA[Input: abvvvbad
-> abbbad, vvv is replaced by b
-> aaad, bbb is replaced by a
-> d, aaa is replaced by nothing (removed)

]]></system-out>
  </testcase>
</testsuite>